<?xml version="1.0" encoding="UTF-8"?>
<testng-results ignored="0" total="2" passed="2" failed="0" skipped="0">
  <reporter-output>
  </reporter-output>
  <suite started-at="2023-12-27T15:08:31 IST" name="Default suite" finished-at="2023-12-27T15:09:02 IST" duration-ms="31186">
    <groups>
    </groups>
    <test started-at="2023-12-27T15:08:31 IST" name="Default test" finished-at="2023-12-27T15:09:02 IST" duration-ms="31186">
      <class name="testng4_alerts_popus._1HandleAlerts">
        <test-method is-config="true" signature="setup()[pri:0, instance:testng4_alerts_popus._1HandleAlerts@4d1bf319]" started-at="2023-12-27T15:08:31 IST" name="setup" finished-at="2023-12-27T15:08:52 IST" duration-ms="20716" status="PASS">
          <reporter-output>
          </reporter-output>
        </test-method> <!-- setup -->
        <test-method signature="test1()[pri:1, instance:testng4_alerts_popus._1HandleAlerts@4d1bf319]" started-at="2023-12-27T15:08:52 IST" name="test1" finished-at="2023-12-27T15:08:57 IST" duration-ms="5087" status="PASS">
          <reporter-output>
          </reporter-output>
        </test-method> <!-- test1 -->
        <test-method signature="test2()[pri:2, instance:testng4_alerts_popus._1HandleAlerts@4d1bf319]" started-at="2023-12-27T15:08:57 IST" name="test2" finished-at="2023-12-27T15:09:02 IST" duration-ms="5293" status="PASS">
          <reporter-output>
          </reporter-output>
        </test-method> <!-- test2 -->
      </class> <!-- testng4_alerts_popus._1HandleAlerts -->
    </test> <!-- Default test -->
  </suite> <!-- Default suite -->
</testng-results>
