<?xml version="1.0" encoding="UTF-8"?>
<!-- Generated by org.testng.reporters.JUnitXMLReporter -->
<testsuite ignored="0" hostname="DESKTOP-RJOPAQ5" failures="0" tests="2" name="Default test" time="38.323" errors="0" timestamp="2023-12-26T21:16:01 IST">
  <testcase classname="testng3_switchtab.SwitchTabs_MultipleTabs" name="BrowsersetupAndScrollDown_multipletabs" time="35.132"/>
  <testcase classname="testng3_switchtab.SwitchTabs_MultipleTabs" name="multipletabs" time="3.119"/>
</testsuite> <!-- Default test -->
