<?xml version="1.0" encoding="UTF-8"?>
<testng-results ignored="0" total="1" passed="1" failed="0" skipped="0">
  <reporter-output>
  </reporter-output>
  <suite started-at="2024-02-21T00:23:40 IST" name="Default suite" finished-at="2024-02-21T00:24:34 IST" duration-ms="53944">
    <groups>
    </groups>
    <test started-at="2024-02-21T00:23:40 IST" name="Default test" finished-at="2024-02-21T00:24:34 IST" duration-ms="53944">
      <class name="testcase1.Testcase4_Dashboard">
        <test-method is-config="true" signature="setup()[pri:0, instance:testcase1.Testcase4_Dashboard@6f01b95f]" started-at="2024-02-21T00:23:40 IST" name="setup" finished-at="2024-02-21T00:24:16 IST" duration-ms="35245" status="PASS">
          <reporter-output>
          </reporter-output>
        </test-method> <!-- setup -->
        <test-method signature="DashboardTest()[pri:0, instance:testcase1.Testcase4_Dashboard@6f01b95f]" started-at="2024-02-21T00:24:16 IST" name="DashboardTest" finished-at="2024-02-21T00:24:34 IST" duration-ms="18622" status="PASS">
          <reporter-output>
          </reporter-output>
        </test-method> <!-- DashboardTest -->
      </class> <!-- testcase1.Testcase4_Dashboard -->
    </test> <!-- Default test -->
  </suite> <!-- Default suite -->
</testng-results>
