<?xml version="1.0" encoding="UTF-8"?>
<testng-results ignored="0" total="2" passed="2" failed="0" skipped="0">
  <reporter-output>
  </reporter-output>
  <suite started-at="2023-12-26T21:15:23 IST" name="Default suite" finished-at="2023-12-26T21:16:01 IST" duration-ms="38323">
    <groups>
    </groups>
    <test started-at="2023-12-26T21:15:23 IST" name="Default test" finished-at="2023-12-26T21:16:01 IST" duration-ms="38323">
      <class name="testng3_switchtab.SwitchTabs_MultipleTabs">
        <test-method signature="BrowsersetupAndScrollDown_multipletabs()[pri:1, instance:testng3_switchtab.SwitchTabs_MultipleTabs@31ea9581]" started-at="2023-12-26T21:15:23 IST" name="BrowsersetupAndScrollDown_multipletabs" finished-at="2023-12-26T21:15:58 IST" duration-ms="35132" status="PASS">
          <reporter-output>
          </reporter-output>
        </test-method> <!-- BrowsersetupAndScrollDown_multipletabs -->
        <test-method signature="multipletabs()[pri:2, instance:testng3_switchtab.SwitchTabs_MultipleTabs@31ea9581]" started-at="2023-12-26T21:15:58 IST" name="multipletabs" finished-at="2023-12-26T21:16:01 IST" duration-ms="3119" status="PASS">
          <reporter-output>
          </reporter-output>
        </test-method> <!-- multipletabs -->
      </class> <!-- testng3_switchtab.SwitchTabs_MultipleTabs -->
    </test> <!-- Default test -->
  </suite> <!-- Default suite -->
</testng-results>
